<?xml version="1.0" encoding="UTF-8"?>
<!-- Generated by org.testng.reporters.JUnitReportReporter -->
<testsuite hostname="TNQ-LTP-825" failures="0" tests="1" name="testCases.TC001_AccRegistration" time="4.037" errors="0" timestamp="2024-07-18T13:42:04 IST" skipped="0">
  <testcase classname="testCases.TC001_AccRegistration" name="verify_account_registration" time="4.037"/>
  <system-out/>
</testsuite> <!-- testCases.TC001_AccRegistration -->
